C51 COMPILER V9.01   NRF24L01                                                              04/30/2017 10:50:26 PAGE 1   


C51 COMPILER V9.01, COMPILATION OF MODULE NRF24L01
OBJECT MODULE PLACED IN NRF24L01.OBJ
COMPILER INVOKED BY: C:\Keil_v5\C51\BIN\C51.EXE NRF24L01.C LARGE BROWSE DEBUG OBJECTEXTEND

line level    source

   1          #include <STC15W4K60S4.H>
   2          #include <intrins.h>
   3          #include <NRF24L01.H>
   4          
   5          //*********************************************NRF24L01*************************************
   6          #define TX_ADR_WIDTH    5       // 5 uints TX address width
   7          #define RX_ADR_WIDTH    5       // 5 uints RX address width
   8          #define TX_PLOAD_WIDTH  20      // 20 uints TX payload
   9          #define RX_PLOAD_WIDTH  20      // 20 uints TX payload
  10          uint const TX_ADDRESS[TX_ADR_WIDTH]= {0x34,0x43,0x10,0x10,0x01};        //本地地址
  11          uint const RX_ADDRESS[RX_ADR_WIDTH]= {0x34,0x43,0x10,0x10,0x01};        //接收地址
  12          //***************************************NRF24L01寄存器指令***********************************************
             -********
  13          #define READ_REG        0x00    // 读寄存器指令
  14          #define WRITE_REG       0x20    // 写寄存器指令
  15          #define RD_RX_PLOAD     0x61    // 读取接收数据指令
  16          #define WR_TX_PLOAD     0xA0    // 写待发数据指令
  17          #define FLUSH_TX        0xE1    // 冲洗发送 FIFO指令
  18          #define FLUSH_RX        0xE2    // 冲洗接收 FIFO指令
  19          #define REUSE_TX_PL     0xE3    // 定义重复装载数据指令
  20          #define NOP             0xFF    // 保留
  21          //*************************************SPI(nRF24L01)寄存器地址********************************************
             -********
  22          #define CONFIG2         0x00  // 配置收发状态，CRC校验模式以及收发状态响应方式
  23          #define EN_AA           0x01  // 自动应答功能设置
  24          #define EN_RXADDR       0x02  // 可用信道设置
  25          #define SETUP_AW        0x03  // 收发地址宽度设置
  26          #define SETUP_RETR      0x04  // 自动重发功能设置
  27          #define RF_CH           0x05  // 工作频率设置
  28          #define RF_SETUP        0x06  // 发射速率、功耗功能设置
  29          #define STATUS          0x07  // 状态寄存器
  30          #define OBSERVE_TX      0x08  // 发送监测功能
  31          #define CD              0x09  // 地址检测           
  32          #define RX_ADDR_P0      0x0A  // 频道0接收数据地址
  33          #define RX_ADDR_P1      0x0B  // 频道1接收数据地址
  34          #define RX_ADDR_P2      0x0C  // 频道2接收数据地址
  35          #define RX_ADDR_P3      0x0D  // 频道3接收数据地址
  36          #define RX_ADDR_P4      0x0E  // 频道4接收数据地址
  37          #define RX_ADDR_P5      0x0F  // 频道5接收数据地址
  38          #define TX_ADDR         0x10  // 发送地址寄存器
  39          #define RX_PW_P0        0x11  // 接收频道0接收数据长度
  40          #define RX_PW_P1        0x12  // 接收频道0接收数据长度
  41          #define RX_PW_P2        0x13  // 接收频道0接收数据长度
  42          #define RX_PW_P3        0x14  // 接收频道0接收数据长度
  43          #define RX_PW_P4        0x15  // 接收频道0接收数据长度
  44          #define RX_PW_P5        0x16  // 接收频道0接收数据长度
  45          #define FIFO_STATUS     0x17  // FIFO栈入栈出状态寄存器设置
  46          //*****************************************长延时*****************************************
  47          void Delay(unsigned int s)
  48          {
  49   1              volatile unsigned int i;
  50   1              for(i=0; i<s; i++);
  51   1              for(i=0; i<s; i++);
  52   1      }
  53          //******************************************************************************************
C51 COMPILER V9.01   NRF24L01                                                              04/30/2017 10:50:26 PAGE 2   

  54          uint    bdata sta;   //状态标志
  55          sbit    RX_DR   =sta^6;
  56          sbit    TX_DS   =sta^5;
  57          sbit    MAX_RT  =sta^4;
  58          sbit  TX_FULL =sta^0;
  59          /******************************************************************************************
  60          /*延时函数
  61          /******************************************************************************************/
  62          void inerDelay_us(unsigned char n)
  63          {
  64   1              for(;n>0;n--);
  65   1      }
  66          //****************************************************************************************
  67          /*NRF24L01初始化
  68          //***************************************************************************************/
  69          void init_NRF24L01(void)
  70          {
  71   1              CE=0;    // chip enable
  72   1              CSN=1;   // Spi  disable 
  73   1              SCK=0;   // 
  74   1              SPI_Write_Buf(WRITE_REG + TX_ADDR, TX_ADDRESS, TX_ADR_WIDTH);    // 写本地地址  
  75   1              SPI_Write_Buf(WRITE_REG + RX_ADDR_P0, RX_ADDRESS, RX_ADR_WIDTH); // 写接收端地址
  76   1              SPI_RW_Reg(WRITE_REG + EN_AA, 0x01);      //  频道0自动 ACK应答允许     
  77   1              SPI_RW_Reg(WRITE_REG + EN_RXADDR, 0x01);  //  允许接收地址只有频道0，如果需要多频道可以参考Page21  
  78   1              SPI_RW_Reg(WRITE_REG + RF_CH, 0x6e);        //   设置信道工作为2.4GHZ，收发必须一致
  79   1              SPI_RW_Reg(WRITE_REG + RX_PW_P0, RX_PLOAD_WIDTH); //设置接收数据长度，本次设置为32字节
  80   1              SPI_RW_Reg(WRITE_REG + RF_SETUP, 0x27);                 //设置发射速率为1MB/S，发射功率为最大值+7dB，由于有X2401L功放
             -，实际+21dbm输出
  81   1      }
  82          /****************************************************************************************************
  83          /*函数：uint SPI_RW(uint uchar)
  84          /*功能：NRF24L01的SPI写时序
  85          /****************************************************************************************************/
  86          uint SPI_RW(uint uchar)
  87          {
  88   1              uint bit_ctr;
  89   1              for(bit_ctr=0;bit_ctr<8;bit_ctr++) // output 8-bit
  90   1              {
  91   2                      MOSI = (uchar & 0x80);         // output 'uchar', MSB to MOSI
  92   2                      uchar = (uchar << 1);           // shift next bit into MSB..
  93   2                      SCK = 1;                      // Set SCK high..
  94   2                      inerDelay_us(12);
  95   2                      uchar |= MISO;                    // capture current MISO bit
  96   2                      inerDelay_us(12);
  97   2                      SCK = 0;                          // ..then set SCK low again
  98   2              }
  99   1          return(uchar);                        // return read uchar
 100   1      }
 101          /****************************************************************************************************
 102          /*函数：uchar SPI_Read(uchar reg)
 103          /*功能：NRF24L01的SPI时序
 104          /****************************************************************************************************/
 105          uchar SPI_Read(uchar reg)
 106          {
 107   1              uchar reg_val;
 108   1              
 109   1              CSN = 0;                // CSN low, initialize SPI communication...
 110   1              inerDelay_us(12);
 111   1              SPI_RW(reg);            // Select register to read from..
 112   1              inerDelay_us(12);
 113   1              reg_val = SPI_RW(0);    // ..then read registervalue
 114   1              inerDelay_us(12);
C51 COMPILER V9.01   NRF24L01                                                              04/30/2017 10:50:26 PAGE 3   

 115   1              CSN = 1;                // CSN high, terminate SPI communication
 116   1              
 117   1              return(reg_val);        // return register value
 118   1      }
 119          /****************************************************************************************************/
 120          /*功能：NRF24L01读写寄存器函数
 121          /****************************************************************************************************/
 122          uint SPI_RW_Reg(uchar reg, uchar value)
 123          {
 124   1              uint status;
 125   1              
 126   1              CSN = 0;                   // CSN low, init SPI transaction
 127   1              status = SPI_RW(reg);      // select register
 128   1              SPI_RW(value);             // ..and write value to it..
 129   1              CSN = 1;                   // CSN high again
 130   1              
 131   1              return(status);            // return nRF24L01 status uchar
 132   1      }
 133          /****************************************************************************************************/
 134          /*函数：uint SPI_Read_Buf(uchar reg, uchar *pBuf, uchar uchars)
 135          /*功能: 用于读数据，reg：为寄存器地址，pBuf：为待读出数据地址，uchars：读出数据的个数
 136          /****************************************************************************************************/
 137          uint SPI_Read_Buf(uchar reg, uchar *pBuf, uchar uchars)
 138          {
 139   1              uint status,uchar_ctr;
 140   1              
 141   1              CSN = 0;                                // Set CSN low, init SPI tranaction
 142   1              status = SPI_RW(reg);                   // Select register to write to and read status uchar
 143   1              
 144   1              for(uchar_ctr=0;uchar_ctr<uchars;uchar_ctr++)
 145   1                      pBuf[uchar_ctr] = SPI_RW(0);    // 
 146   1              
 147   1              CSN = 1;                           
 148   1              
 149   1              return(status);                    // return nRF24L01 status uchar
 150   1      }
 151          /*********************************************************************************************************
 152          /*函数：uint SPI_Write_Buf(uchar reg, uchar *pBuf, uchar uchars)
 153          /*功能: 用于写数据：为寄存器地址，pBuf：为待写入数据地址，uchars：写入数据的个数
 154          /*********************************************************************************************************
             -/
 155          uint SPI_Write_Buf(uchar reg, uchar *pBuf, uchar uchars)
 156          {
 157   1              uint status,uchar_ctr;
 158   1              
 159   1              CSN = 0;            //SPI使能       
 160   1              status = SPI_RW(reg);   
 161   1              for(uchar_ctr=0; uchar_ctr<uchars; uchar_ctr++) //
 162   1              SPI_RW(*pBuf++);
 163   1              CSN = 1;           //关闭SPI
 164   1              return(status);    // 
 165   1      }
 166          /****************************************************************************************************/
 167          /*函数：void SetRX_Mode(void)
 168          /*功能：数据接收配置 
 169          /****************************************************************************************************/
 170          void SetRX_Mode(void)
 171          {
 172   1              CE=0;
 173   1              SPI_RW_Reg(WRITE_REG + CONFIG2, 0x0f);                  // IRQ收发完成中断响应，16位CRC ，主接收
 174   1              CE = 1; 
 175   1      }
C51 COMPILER V9.01   NRF24L01                                                              04/30/2017 10:50:26 PAGE 4   

 176          /******************************************************************************************************/
 177          /*函数：unsigned char nRF24L01_RxPacket(unsigned char* rx_buf)
 178          /*功能：数据读取后放如rx_buf接收缓冲区中
 179          /******************************************************************************************************/
 180          unsigned char nRF24L01_RxPacket(unsigned char* rx_buf)
 181          {
 182   1        unsigned char revale=0;
 183   1              sta=SPI_Read(STATUS);   // 读取状态寄存其来判断数据接收状况
 184   1              if(RX_DR)                               // 判断是否接收到数据
 185   1              {
 186   2                  CE = 0;                     //SPI使能
 187   2                      SPI_Read_Buf(RD_RX_PLOAD,rx_buf,TX_PLOAD_WIDTH);// read receive payload from RX_FIFO buffer
 188   2                      revale =1;                      //读取数据完成标志
 189   2              }
 190   1              SPI_RW_Reg(WRITE_REG+STATUS,sta);   //接收到数据后RX_DR,TX_DS,MAX_PT都置高为1，通过写1来清楚中断标志
 191   1                 CE=1;                                                                     //！！！！！！！！！！！！！
             -！！！！！！！！！！！！！！！！
 192   1              return revale;
 193   1      }
 194          /*********************************************************************************************************
             -**
 195          /*函数：void nRF24L01_TxPacket(unsigned char * tx_buf)
 196          /*功能：发送 tx_buf中数据
 197          /*********************************************************************************************************
             -*/
 198          void nRF24L01_TxPacket(unsigned char * tx_buf)
 199          {
 200   1              SPI_RW_Reg(WRITE_REG+STATUS,0xff);
 201   1              SPI_RW_Reg(0xE1,0xff);
 202   1              CE=0;           
 203   1              SPI_Write_Buf(WR_TX_PLOAD, tx_buf, TX_PLOAD_WIDTH);                          
 204   1              SPI_RW_Reg(WRITE_REG + CONFIG2, 0x0e);                  
 205   1              CE=1;            
 206   1              inerDelay_us(10);   //CE高电平大于10us才能进入发射模式
 207   1      }


MODULE INFORMATION:   STATIC OVERLAYABLE
   CODE SIZE        =    511    ----
   CONSTANT SIZE    =   ----    ----
   XDATA SIZE       =     10      20
   PDATA SIZE       =   ----    ----
   DATA SIZE        =      1    ----
   IDATA SIZE       =   ----    ----
   BIT SIZE         =   ----    ----
END OF MODULE INFORMATION.


C51 COMPILATION COMPLETE.  0 WARNING(S),  0 ERROR(S)
